<?xml version="1.0" encoding="UTF-8"?>
<!-- Generated by org.testng.reporters.JUnitReportReporter -->
<testsuite hostname="DESKTOP-PA3L87R" failures="0" tests="1" name="com.com.testng.homepage" time="0.001" errors="0" timestamp="2022-03-14T15:30:19 IST" skipped="0">
  <testcase classname="com.com.testng.homepage" name="Tc1" time="0.001"/>
  <system-out/>
</testsuite> <!-- com.com.testng.homepage -->
