<?xml version="1.0" encoding="UTF-8"?>
<!-- Generated by org.testng.reporters.JUnitReportReporter -->
<testsuite hostname="DESKTOP-PA3L87R" failures="0" tests="3" name="com.com.testng.Loginpage" time="0.016" errors="0" timestamp="2022-03-15T13:25:04 IST" skipped="0">
  <testcase classname="com.com.testng.Loginpage" name="Tc2" time="0.014"/>
  <system-out/>
  <testcase classname="com.com.testng.Loginpage" name="Tc1" time="0.001"/>
  <system-out/>
  <testcase classname="com.com.testng.Loginpage" name="Tc3" time="0.001"/>
  <system-out/>
</testsuite> <!-- com.com.testng.Loginpage -->
